app/build/intermediates/manifest_merge_blame_file/debug/manifest-merger-blame-debug-report.txt
1<?xml version="1.0" encoding="utf-8"?>
2<manifest xmlns:android="http://schemas.android.com/apk/res/android"
3    package="com.mhutshow.daktarlagbe"
4    android:versionCode="1"
5    android:versionName="1.0" >
6
7    <uses-sdk
8        android:minSdkVersion="16"
8-->src\main\AndroidManifest.xml
9        android:targetSdkVersion="29" />
9-->src\main\AndroidManifest.xml
10
11    <uses-permission android:name="android.permission.CALL_PHONE" />
11-->src\main\AndroidManifest.xml:5:5-69
11-->src\main\AndroidManifest.xml:5:22-66
12    <uses-permission android:name="android.permission.INTERNET" />
12-->src\main\AndroidManifest.xml:6:5-67
12-->src\main\AndroidManifest.xml:6:22-64
13    <uses-permission android:name="android.permission.READ_EXTERNAL_STORAGE" />
13-->src\main\AndroidManifest.xml:7:5-80
13-->src\main\AndroidManifest.xml:7:22-77
14
15    <!-- Although the *SdkVersion is captured in gradle build files, this is required for non gradle builds -->
16    <!-- <uses-sdk android:minSdkVersion="14"/> -->
17    <uses-permission android:name="android.permission.ACCESS_NETWORK_STATE" />
17-->[com.google.firebase:firebase-database:19.2.1] AndroidManifest.xml:25:5-79
17-->[com.google.firebase:firebase-database:19.2.1] AndroidManifest.xml:25:22-76
18
19    <application
19-->src\main\AndroidManifest.xml:9:5-49:19
20        android:name="androidx.multidex.MultiDexApplication"
21        android:allowBackup="true"
21-->src\main\AndroidManifest.xml:10:9-35
22        android:appComponentFactory="androidx.core.app.CoreComponentFactory"
22-->[androidx.core:core:1.1.0] AndroidManifest.xml:24:18-86
23        android:debuggable="true"
24        android:icon="@mipmap/ic_launcher"
24-->src\main\AndroidManifest.xml:11:9-43
25        android:label="@string/app_name"
25-->src\main\AndroidManifest.xml:12:9-41
26        android:roundIcon="@mipmap/ic_launcher_round"
26-->src\main\AndroidManifest.xml:13:9-54
27        android:supportsRtl="true"
27-->src\main\AndroidManifest.xml:14:9-35
28        android:testOnly="true"
29        android:theme="@style/Theme.AppCompat.Light.NoActionBar" >
29-->src\main\AndroidManifest.xml:15:9-65
30        <activity android:name="com.mhutshow.daktarlagbe.controller.MyCalendarDoctorActivity" />
30-->src\main\AndroidManifest.xml:16:9-106
30-->src\main\AndroidManifest.xml:16:19-94
31        <activity android:name="com.mhutshow.daktarlagbe.controller.TestActivity" />
31-->src\main\AndroidManifest.xml:17:9-85
31-->src\main\AndroidManifest.xml:17:19-82
32        <activity android:name="com.mhutshow.daktarlagbe.controller.AppointementActivity" />
32-->src\main\AndroidManifest.xml:18:9-93
32-->src\main\AndroidManifest.xml:18:19-90
33        <activity android:name="com.mhutshow.daktarlagbe.controller.FicheInfo" />
33-->src\main\AndroidManifest.xml:19:9-82
33-->src\main\AndroidManifest.xml:19:19-79
34        <activity android:name="com.mhutshow.daktarlagbe.controller.PatientInfoActivity" />
34-->src\main\AndroidManifest.xml:20:9-92
34-->src\main\AndroidManifest.xml:20:19-89
35        <activity android:name="com.mhutshow.daktarlagbe.controller.DossierMedical" />
35-->src\main\AndroidManifest.xml:21:9-87
35-->src\main\AndroidManifest.xml:21:19-84
36        <activity android:name="com.mhutshow.daktarlagbe.controller.ChatActivity" />
36-->src\main\AndroidManifest.xml:22:9-85
36-->src\main\AndroidManifest.xml:22:19-82
37        <activity android:name="com.mhutshow.daktarlagbe.controller.PatientRequestPage" />
37-->src\main\AndroidManifest.xml:23:9-91
37-->src\main\AndroidManifest.xml:23:19-88
38        <activity android:name="com.mhutshow.daktarlagbe.controller.DoctorHomeActivity" />
38-->src\main\AndroidManifest.xml:24:9-91
38-->src\main\AndroidManifest.xml:24:19-88
39        <activity android:name="com.mhutshow.daktarlagbe.controller.EditProfileDoctorActivity" />
39-->src\main\AndroidManifest.xml:25:9-98
39-->src\main\AndroidManifest.xml:25:19-95
40        <activity android:name="com.mhutshow.daktarlagbe.controller.ConfirmedAppointmensActivity" />
40-->src\main\AndroidManifest.xml:26:9-101
40-->src\main\AndroidManifest.xml:26:19-98
41        <activity android:name="com.mhutshow.daktarlagbe.controller.PatientAppointementsActivity" />
41-->src\main\AndroidManifest.xml:27:9-101
41-->src\main\AndroidManifest.xml:27:19-98
42        <activity android:name="com.mhutshow.daktarlagbe.controller.ProfilePatientActivity" />
42-->src\main\AndroidManifest.xml:28:9-95
42-->src\main\AndroidManifest.xml:28:19-92
43        <activity android:name="com.mhutshow.daktarlagbe.controller.MyDoctorsAvtivity" />
43-->src\main\AndroidManifest.xml:29:9-90
43-->src\main\AndroidManifest.xml:29:19-87
44        <activity android:name="com.mhutshow.daktarlagbe.controller.ProfileDoctorActivity" />
44-->src\main\AndroidManifest.xml:30:9-94
44-->src\main\AndroidManifest.xml:30:19-91
45        <activity android:name="com.mhutshow.daktarlagbe.controller.EditProfilePatientActivity" />
45-->src\main\AndroidManifest.xml:31:9-99
45-->src\main\AndroidManifest.xml:31:19-96
46        <activity android:name="com.mhutshow.daktarlagbe.controller.DoctorAppointementActivity" />
46-->src\main\AndroidManifest.xml:32:9-99
46-->src\main\AndroidManifest.xml:32:19-96
47        <activity android:name="com.mhutshow.daktarlagbe.controller.FicheActivity" />
47-->src\main\AndroidManifest.xml:33:9-86
47-->src\main\AndroidManifest.xml:33:19-83
48        <activity android:name="com.mhutshow.daktarlagbe.controller.MyPatientsActivity" />
48-->src\main\AndroidManifest.xml:34:9-91
48-->src\main\AndroidManifest.xml:34:19-88
49        <activity android:name="com.mhutshow.daktarlagbe.controller.SearchPatActivity" />
49-->src\main\AndroidManifest.xml:35:9-90
49-->src\main\AndroidManifest.xml:35:19-87
50        <activity android:name="com.mhutshow.daktarlagbe.controller.FirstSigninActivity" />
50-->src\main\AndroidManifest.xml:36:9-92
50-->src\main\AndroidManifest.xml:36:19-89
51        <activity android:name="com.mhutshow.daktarlagbe.controller.HomeActivity" />
51-->src\main\AndroidManifest.xml:37:9-85
51-->src\main\AndroidManifest.xml:37:19-82
52        <activity android:name="com.mhutshow.daktarlagbe.controller.MainActivity" >
52-->src\main\AndroidManifest.xml:38:9-44:20
52-->src\main\AndroidManifest.xml:38:19-82
53            <intent-filter>
53-->src\main\AndroidManifest.xml:39:13-43:29
54                <action android:name="android.intent.action.MAIN" />
54-->src\main\AndroidManifest.xml:40:17-69
54-->src\main\AndroidManifest.xml:40:25-66
55
56                <category android:name="android.intent.category.LAUNCHER" />
56-->src\main\AndroidManifest.xml:42:17-77
56-->src\main\AndroidManifest.xml:42:27-74
57            </intent-filter>
58        </activity>
59
60        <meta-data
60-->src\main\AndroidManifest.xml:46:9-48:57
61            android:name="preloaded_fonts"
61-->src\main\AndroidManifest.xml:47:13-43
62            android:resource="@array/preloaded_fonts" />
62-->src\main\AndroidManifest.xml:48:13-54
63
64        <activity
64-->[com.google.firebase:firebase-auth:19.3.0] AndroidManifest.xml:24:9-31:50
65            android:name="com.google.firebase.auth.internal.FederatedSignInActivity"
65-->[com.google.firebase:firebase-auth:19.3.0] AndroidManifest.xml:25:13-85
66            android:excludeFromRecents="true"
66-->[com.google.firebase:firebase-auth:19.3.0] AndroidManifest.xml:26:13-46
67            android:exported="true"
67-->[com.google.firebase:firebase-auth:19.3.0] AndroidManifest.xml:27:13-36
68            android:launchMode="singleTask"
68-->[com.google.firebase:firebase-auth:19.3.0] AndroidManifest.xml:28:13-44
69            android:permission="com.google.firebase.auth.api.gms.permission.LAUNCH_FEDERATED_SIGN_IN"
69-->[com.google.firebase:firebase-auth:19.3.0] AndroidManifest.xml:29:13-102
70            android:theme="@android:style/Theme.Translucent.NoTitleBar" />
70-->[com.google.firebase:firebase-auth:19.3.0] AndroidManifest.xml:30:13-72
71
72        <service
72-->[com.google.firebase:firebase-auth:19.3.0] AndroidManifest.xml:33:9-39:19
73            android:name="com.google.firebase.components.ComponentDiscoveryService"
73-->[com.google.firebase:firebase-auth:19.3.0] AndroidManifest.xml:34:13-84
74            android:directBootAware="true"
74-->[com.google.firebase:firebase-common:19.3.0] AndroidManifest.xml:34:13-43
75            android:exported="false" >
75-->[com.google.firebase:firebase-auth:19.3.0] AndroidManifest.xml:35:13-37
76            <meta-data
76-->[com.google.firebase:firebase-auth:19.3.0] AndroidManifest.xml:36:13-38:85
77                android:name="com.google.firebase.components:com.google.firebase.auth.FirebaseAuthRegistrar"
77-->[com.google.firebase:firebase-auth:19.3.0] AndroidManifest.xml:37:17-109
78                android:value="com.google.firebase.components.ComponentRegistrar" />
78-->[com.google.firebase:firebase-auth:19.3.0] AndroidManifest.xml:38:17-82
79            <meta-data
79-->[com.google.firebase:firebase-database:19.2.1] AndroidManifest.xml:32:13-34:85
80                android:name="com.google.firebase.components:com.google.firebase.database.DatabaseRegistrar"
80-->[com.google.firebase:firebase-database:19.2.1] AndroidManifest.xml:33:17-109
81                android:value="com.google.firebase.components.ComponentRegistrar" />
81-->[com.google.firebase:firebase-database:19.2.1] AndroidManifest.xml:34:17-82
82            <meta-data
82-->[com.google.firebase:firebase-firestore:21.4.2] AndroidManifest.xml:20:13-22:85
83                android:name="com.google.firebase.components:com.google.firebase.firestore.FirestoreRegistrar"
83-->[com.google.firebase:firebase-firestore:21.4.2] AndroidManifest.xml:21:17-111
84                android:value="com.google.firebase.components.ComponentRegistrar" />
84-->[com.google.firebase:firebase-firestore:21.4.2] AndroidManifest.xml:22:17-82
85            <meta-data
85-->[com.google.firebase:firebase-storage:19.1.1] AndroidManifest.xml:33:13-35:85
86                android:name="com.google.firebase.components:com.google.firebase.storage.StorageRegistrar"
86-->[com.google.firebase:firebase-storage:19.1.1] AndroidManifest.xml:34:17-107
87                android:value="com.google.firebase.components.ComponentRegistrar" />
87-->[com.google.firebase:firebase-storage:19.1.1] AndroidManifest.xml:35:17-82
88        </service>
89
90        <activity
90-->[com.google.android.gms:play-services-auth:18.0.0] AndroidManifest.xml:23:9-27:75
91            android:name="com.google.android.gms.auth.api.signin.internal.SignInHubActivity"
91-->[com.google.android.gms:play-services-auth:18.0.0] AndroidManifest.xml:24:13-93
92            android:excludeFromRecents="true"
92-->[com.google.android.gms:play-services-auth:18.0.0] AndroidManifest.xml:25:13-46
93            android:exported="false"
93-->[com.google.android.gms:play-services-auth:18.0.0] AndroidManifest.xml:26:13-37
94            android:theme="@android:style/Theme.Translucent.NoTitleBar" />
94-->[com.google.android.gms:play-services-auth:18.0.0] AndroidManifest.xml:27:13-72
95        <!--
96            Service handling Google Sign-In user revocation. For apps that do not integrate with
97            Google Sign-In, this service will never be started.
98        -->
99        <service
99-->[com.google.android.gms:play-services-auth:18.0.0] AndroidManifest.xml:33:9-36:110
100            android:name="com.google.android.gms.auth.api.signin.RevocationBoundService"
100-->[com.google.android.gms:play-services-auth:18.0.0] AndroidManifest.xml:34:13-89
101            android:exported="true"
101-->[com.google.android.gms:play-services-auth:18.0.0] AndroidManifest.xml:35:13-36
102            android:permission="com.google.android.gms.auth.api.signin.permission.REVOCATION_NOTIFICATION" />
102-->[com.google.android.gms:play-services-auth:18.0.0] AndroidManifest.xml:36:13-107
103
104        <activity
104-->[com.google.android.gms:play-services-base:17.1.0] AndroidManifest.xml:23:9-26:75
105            android:name="com.google.android.gms.common.api.GoogleApiActivity"
105-->[com.google.android.gms:play-services-base:17.1.0] AndroidManifest.xml:24:13-79
106            android:exported="false"
106-->[com.google.android.gms:play-services-base:17.1.0] AndroidManifest.xml:25:13-37
107            android:theme="@android:style/Theme.Translucent.NoTitleBar" />
107-->[com.google.android.gms:play-services-base:17.1.0] AndroidManifest.xml:26:13-72
108
109        <provider
109-->[com.google.firebase:firebase-common:19.3.0] AndroidManifest.xml:26:9-30:39
110            android:name="com.google.firebase.provider.FirebaseInitProvider"
110-->[com.google.firebase:firebase-common:19.3.0] AndroidManifest.xml:27:13-77
111            android:authorities="com.mhutshow.daktarlagbe.firebaseinitprovider"
111-->[com.google.firebase:firebase-common:19.3.0] AndroidManifest.xml:28:13-72
112            android:exported="false"
112-->[com.google.firebase:firebase-common:19.3.0] AndroidManifest.xml:29:13-37
113            android:initOrder="100" />
113-->[com.google.firebase:firebase-common:19.3.0] AndroidManifest.xml:30:13-36
114
115        <meta-data
115-->[com.google.android.gms:play-services-basement:17.1.1] AndroidManifest.xml:23:9-25:69
116            android:name="com.google.android.gms.version"
116-->[com.google.android.gms:play-services-basement:17.1.1] AndroidManifest.xml:24:13-58
117            android:value="@integer/google_play_services_version" />
117-->[com.google.android.gms:play-services-basement:17.1.1] AndroidManifest.xml:25:13-66
118    </application>
119
120</manifest>